<?xml version="1.0" encoding="UTF-8"?>
<testsuite name="personal.wuyi.boost.core.BoostMultimapJunitTest" tests="13" skipped="0" failures="0" errors="0" timestamp="2018-07-19T22:04:48" hostname="Wuyis-MacBook-Pro-2.local" time="0.006">
  <properties/>
  <testcase name="entriesTest" classname="personal.wuyi.boost.core.BoostMultimapJunitTest" time="0.0"/>
  <testcase name="keySetTest" classname="personal.wuyi.boost.core.BoostMultimapJunitTest" time="0.001"/>
  <testcase name="containsEntryTest" classname="personal.wuyi.boost.core.BoostMultimapJunitTest" time="0.0"/>
  <testcase name="containsKeyTest" classname="personal.wuyi.boost.core.BoostMultimapJunitTest" time="0.0"/>
  <testcase name="isEmptyTest" classname="personal.wuyi.boost.core.BoostMultimapJunitTest" time="0.0"/>
  <testcase name="putTest" classname="personal.wuyi.boost.core.BoostMultimapJunitTest" time="0.002"/>
  <testcase name="getTest" classname="personal.wuyi.boost.core.BoostMultimapJunitTest" time="0.001"/>
  <testcase name="sortByKeyTest" classname="personal.wuyi.boost.core.BoostMultimapJunitTest" time="0.0"/>
  <testcase name="removeAllTest" classname="personal.wuyi.boost.core.BoostMultimapJunitTest" time="0.001"/>
  <testcase name="iteratorTest" classname="personal.wuyi.boost.core.BoostMultimapJunitTest" time="0.0"/>
  <testcase name="sizeTest" classname="personal.wuyi.boost.core.BoostMultimapJunitTest" time="0.0"/>
  <testcase name="removeTest" classname="personal.wuyi.boost.core.BoostMultimapJunitTest" time="0.001"/>
  <testcase name="containsValueTest" classname="personal.wuyi.boost.core.BoostMultimapJunitTest" time="0.0"/>
  <system-out><![CDATA[aaa - 1
aaa - 2
aaa - 3
bbb - 4
bbb - 5
bbb - 6
aaa - 1
ppp - 2
zzz - 5
aaa - 1
aaa - 2
aaa - 3
bbb - 4
bbb - 5
bbb - 6
]]></system-out>
  <system-err><![CDATA[]]></system-err>
</testsuite>
